[2024-06-10 19:23:42,560] INFO [56104-139147917522752] Failed to extract font properties from /usr/share/fonts/truetype/noto/NotoColorEmoji.ttf: In FT2Font: Can not load face (unknown file format; error code 0x2)
[2024-06-10 19:23:42,560] INFO [56103-139147917522752] Failed to extract font properties from /usr/share/fonts/truetype/noto/NotoColorEmoji.ttf: In FT2Font: Can not load face (unknown file format; error code 0x2)
[2024-06-10 19:23:42,573] INFO [56103-139147917522752] generated new fontManager
[2024-06-10 19:23:42,673] INFO [56104-139147917522752] generated new fontManager
[2024-06-17 02:09:38,011] INFO [10832-26632] Will watch for changes in these directories: ['C:\\Users\\ga282\\lab\\web-application\\Backend\\George']
[2024-06-17 02:09:38,013] WARNING [10832-26632] "workers" flag is ignored when reloading is enabled.
[2024-06-17 02:09:38,013] ERROR [10832-26632] [WinError 10013] An attempt was made to access a socket in a way forbidden by its access permissions
[2024-06-17 02:10:36,109] INFO [35712-38680] Will watch for changes in these directories: ['C:\\Users\\ga282\\lab\\web-application\\Backend\\George']
[2024-06-17 02:10:36,110] WARNING [35712-38680] "workers" flag is ignored when reloading is enabled.
[2024-06-17 02:10:36,111] INFO [35712-38680] Uvicorn running on http://0.0.0.0:8000 (Press CTRL+C to quit)
[2024-06-17 02:10:36,112] INFO [35712-38680] Started reloader process [35712] using WatchFiles
[2024-06-17 02:10:43,482] INFO [28496-20992] Started server process [28496]
[2024-06-17 02:10:43,484] INFO [28496-20992] Waiting for application startup.
[2024-06-17 02:10:43,555] INFO [28496-20992] Application startup complete.
[2024-06-17 02:10:43,569] INFO [35712-38680] 1 change detected
[2024-06-17 02:10:43,927] INFO [35712-38680] 1 change detected
[2024-06-17 02:10:44,292] INFO [35712-38680] 1 change detected
[2024-06-17 02:10:44,646] INFO [35712-38680] 1 change detected
[2024-06-17 02:10:45,007] INFO [35712-38680] 1 change detected
[2024-06-17 02:10:45,363] INFO [35712-38680] 1 change detected
[2024-06-17 02:10:45,721] INFO [35712-38680] 1 change detected
[2024-06-17 02:10:46,080] INFO [35712-38680] 1 change detected
[2024-06-17 02:10:46,436] INFO [35712-38680] 1 change detected
[2024-06-17 02:10:46,844] INFO [35712-38680] 1 change detected
[2024-06-17 02:10:47,246] INFO [35712-38680] 1 change detected
[2024-06-17 02:10:47,652] INFO [35712-38680] 1 change detected
[2024-06-17 02:10:48,058] INFO [35712-38680] 1 change detected
[2024-06-17 02:10:48,465] INFO [35712-38680] 1 change detected
[2024-06-17 02:10:48,830] INFO [35712-38680] 1 change detected
[2024-06-17 02:10:49,235] INFO [35712-38680] 1 change detected
[2024-06-17 02:10:49,652] INFO [35712-38680] 1 change detected
[2024-06-17 02:10:50,056] INFO [35712-38680] 1 change detected
[2024-06-17 02:10:50,469] INFO [35712-38680] 1 change detected
[2024-06-17 02:10:50,879] INFO [35712-38680] 1 change detected
[2024-06-17 02:10:51,240] INFO [35712-38680] 1 change detected
[2024-06-17 02:10:51,644] INFO [35712-38680] 1 change detected
[2024-06-17 02:10:52,061] INFO [35712-38680] 1 change detected
[2024-06-17 02:10:52,474] INFO [35712-38680] 1 change detected
[2024-06-17 02:10:52,880] INFO [35712-38680] 1 change detected
[2024-06-17 02:10:53,291] INFO [35712-38680] 1 change detected
[2024-06-17 02:10:53,706] INFO [35712-38680] 1 change detected
[2024-06-17 02:10:54,117] INFO [35712-38680] 1 change detected
[2024-06-17 02:10:54,531] INFO [35712-38680] 1 change detected
[2024-06-17 02:10:54,936] INFO [35712-38680] 1 change detected
[2024-06-17 02:10:55,326] INFO [35712-38680] 1 change detected
[2024-06-17 02:10:55,736] INFO [35712-38680] 1 change detected
[2024-06-17 02:10:56,154] INFO [35712-38680] 1 change detected
[2024-06-17 02:10:56,565] INFO [35712-38680] 1 change detected
[2024-06-17 02:10:56,973] INFO [35712-38680] 1 change detected
[2024-06-17 02:10:57,382] INFO [35712-38680] 1 change detected
[2024-06-17 02:10:57,746] INFO [35712-38680] 1 change detected
[2024-06-17 02:10:58,161] INFO [35712-38680] 1 change detected
[2024-06-17 02:10:58,569] INFO [35712-38680] 1 change detected
[2024-06-17 02:10:58,977] INFO [35712-38680] 1 change detected
[2024-06-17 02:10:59,384] INFO [35712-38680] 1 change detected
[2024-06-17 02:10:59,790] INFO [35712-38680] 1 change detected
[2024-06-17 02:11:00,152] INFO [35712-38680] 1 change detected
[2024-06-17 02:11:00,570] INFO [35712-38680] 1 change detected
[2024-06-17 02:11:00,984] INFO [35712-38680] 1 change detected
[2024-06-17 02:11:01,399] INFO [35712-38680] 1 change detected
[2024-06-17 02:11:01,802] INFO [35712-38680] 1 change detected
[2024-06-17 02:11:02,205] INFO [35712-38680] 1 change detected
[2024-06-17 02:11:02,617] INFO [35712-38680] 1 change detected
[2024-06-17 02:11:02,983] INFO [35712-38680] 1 change detected
[2024-06-17 02:11:03,389] INFO [35712-38680] 1 change detected
[2024-06-17 02:11:03,791] INFO [35712-38680] 1 change detected
[2024-06-17 02:11:04,195] INFO [35712-38680] 1 change detected
[2024-06-17 02:11:04,600] INFO [35712-38680] 1 change detected
[2024-06-17 02:11:05,004] INFO [35712-38680] 1 change detected
[2024-06-17 02:11:05,408] INFO [35712-38680] 1 change detected
[2024-06-17 02:11:05,814] INFO [35712-38680] 1 change detected
[2024-06-17 02:11:06,218] INFO [35712-38680] 1 change detected
[2024-06-17 02:11:06,635] INFO [35712-38680] 1 change detected
[2024-06-17 02:11:07,038] INFO [35712-38680] 1 change detected
[2024-06-17 02:11:07,442] INFO [35712-38680] 1 change detected
[2024-06-17 02:11:07,848] INFO [35712-38680] 1 change detected
[2024-06-17 02:11:08,252] INFO [35712-38680] 1 change detected
[2024-06-17 02:11:08,665] INFO [35712-38680] 1 change detected
[2024-06-17 02:11:09,019] INFO [35712-38680] 1 change detected
[2024-06-17 02:11:09,432] INFO [35712-38680] 1 change detected
[2024-06-17 02:11:09,844] INFO [35712-38680] 1 change detected
[2024-06-17 02:11:10,250] INFO [35712-38680] 1 change detected
[2024-06-17 02:11:10,662] INFO [35712-38680] 1 change detected
[2024-06-17 02:11:11,069] INFO [35712-38680] 1 change detected
[2024-06-17 02:11:11,480] INFO [35712-38680] 1 change detected
[2024-06-17 02:11:11,889] INFO [35712-38680] 1 change detected
[2024-06-17 02:11:12,244] INFO [35712-38680] 1 change detected
[2024-06-17 02:11:12,648] INFO [35712-38680] 1 change detected
[2024-06-17 02:11:13,059] INFO [35712-38680] 1 change detected
[2024-06-17 02:11:13,473] INFO [35712-38680] 1 change detected
[2024-06-17 02:11:13,884] INFO [35712-38680] 1 change detected
[2024-06-17 02:11:14,290] INFO [35712-38680] 1 change detected
[2024-06-17 02:11:14,695] INFO [35712-38680] 1 change detected
[2024-06-17 02:11:15,101] INFO [35712-38680] 1 change detected
[2024-06-17 02:11:15,505] INFO [35712-38680] 1 change detected
[2024-06-17 02:11:15,910] INFO [35712-38680] 1 change detected
[2024-06-17 02:11:16,313] INFO [35712-38680] 1 change detected
[2024-06-17 02:11:16,715] INFO [35712-38680] 1 change detected
[2024-06-17 02:11:17,121] INFO [35712-38680] 1 change detected
[2024-06-17 02:11:17,527] INFO [35712-38680] 1 change detected
[2024-06-17 02:11:17,934] INFO [35712-38680] 1 change detected
[2024-06-17 02:11:18,339] INFO [35712-38680] 1 change detected
[2024-06-17 02:11:18,785] INFO [35712-38680] 1 change detected
[2024-06-17 02:11:19,144] INFO [35712-38680] 1 change detected
[2024-06-17 02:11:19,552] INFO [35712-38680] 1 change detected
[2024-06-17 02:11:19,958] INFO [35712-38680] 1 change detected
[2024-06-17 02:11:20,362] INFO [35712-38680] 1 change detected
[2024-06-17 02:11:20,766] INFO [35712-38680] 1 change detected
[2024-06-17 02:11:21,170] INFO [35712-38680] 1 change detected
[2024-06-17 02:11:21,575] INFO [35712-38680] 1 change detected
[2024-06-17 02:11:21,980] INFO [35712-38680] 1 change detected
[2024-06-17 02:11:22,388] INFO [35712-38680] 1 change detected
[2024-06-17 02:11:22,790] INFO [35712-38680] 1 change detected
[2024-06-17 02:11:23,199] INFO [35712-38680] 1 change detected
[2024-06-17 02:11:23,616] INFO [35712-38680] 1 change detected
[2024-06-17 02:11:24,029] INFO [35712-38680] 1 change detected
[2024-06-17 02:11:24,439] INFO [35712-38680] 1 change detected
[2024-06-17 02:11:24,843] INFO [35712-38680] 1 change detected
[2024-06-17 02:11:25,248] INFO [35712-38680] 1 change detected
[2024-06-17 02:11:25,664] INFO [35712-38680] 1 change detected
[2024-06-17 02:11:26,069] INFO [35712-38680] 1 change detected
[2024-06-17 02:11:26,473] INFO [35712-38680] 1 change detected
[2024-06-17 02:11:26,880] INFO [35712-38680] 1 change detected
[2024-06-17 02:11:27,289] INFO [35712-38680] 1 change detected
[2024-06-17 02:11:27,652] INFO [35712-38680] 1 change detected
[2024-06-17 02:11:28,070] INFO [35712-38680] 1 change detected
[2024-06-17 02:11:28,476] INFO [35712-38680] 1 change detected
[2024-06-17 02:11:28,882] INFO [35712-38680] 1 change detected
[2024-06-17 02:11:29,299] INFO [35712-38680] 1 change detected
[2024-06-17 02:11:29,708] INFO [35712-38680] 1 change detected
[2024-06-17 02:11:30,114] INFO [35712-38680] 1 change detected
[2024-06-17 02:11:30,518] INFO [35712-38680] 1 change detected
[2024-06-17 02:11:30,925] INFO [35712-38680] 1 change detected
[2024-06-17 02:11:31,279] INFO [35712-38680] 1 change detected
[2024-06-17 02:11:31,688] INFO [35712-38680] 1 change detected
[2024-06-17 02:11:32,095] INFO [35712-38680] 1 change detected
[2024-06-17 02:11:32,503] INFO [35712-38680] 1 change detected
[2024-06-17 02:11:32,914] INFO [35712-38680] 1 change detected
[2024-06-17 02:11:33,322] INFO [35712-38680] 1 change detected
[2024-06-17 02:11:33,729] INFO [35712-38680] 1 change detected
[2024-06-17 02:11:34,140] INFO [35712-38680] 1 change detected
[2024-06-17 02:11:34,544] INFO [35712-38680] 1 change detected
[2024-06-17 02:11:34,950] INFO [35712-38680] 1 change detected
[2024-06-17 02:11:35,354] INFO [35712-38680] 1 change detected
[2024-06-17 02:11:35,761] INFO [35712-38680] 1 change detected
[2024-06-17 02:11:36,168] INFO [35712-38680] 1 change detected
[2024-06-17 02:11:36,574] INFO [35712-38680] 1 change detected
[2024-06-17 02:11:36,978] INFO [35712-38680] 1 change detected
[2024-06-17 02:11:37,334] INFO [35712-38680] 1 change detected
[2024-06-17 02:11:37,743] INFO [35712-38680] 1 change detected
[2024-06-17 02:11:38,149] INFO [35712-38680] 1 change detected
[2024-06-17 02:11:38,554] INFO [35712-38680] 1 change detected
[2024-06-17 02:11:38,965] INFO [35712-38680] 1 change detected
[2024-06-17 02:11:39,378] INFO [35712-38680] 1 change detected
[2024-06-17 02:11:39,795] INFO [35712-38680] 1 change detected
[2024-06-17 02:11:40,210] INFO [35712-38680] 1 change detected
[2024-06-17 02:11:40,614] INFO [35712-38680] 1 change detected
[2024-06-17 02:11:41,018] INFO [35712-38680] 1 change detected
[2024-06-17 02:11:41,424] INFO [35712-38680] 1 change detected
[2024-06-17 02:11:41,829] INFO [35712-38680] 1 change detected
[2024-06-17 02:11:42,234] INFO [35712-38680] 1 change detected
[2024-06-17 02:11:42,639] INFO [35712-38680] 1 change detected
[2024-06-17 02:11:43,043] INFO [35712-38680] 1 change detected
[2024-06-17 02:11:43,460] INFO [35712-38680] 1 change detected
[2024-06-17 02:11:43,864] INFO [35712-38680] 1 change detected
[2024-06-17 02:11:44,268] INFO [35712-38680] 1 change detected
[2024-06-17 02:11:44,671] INFO [35712-38680] 1 change detected
[2024-06-17 02:11:45,078] INFO [35712-38680] 1 change detected
[2024-06-17 02:11:45,434] INFO [35712-38680] 1 change detected
[2024-06-17 02:11:45,846] INFO [35712-38680] 1 change detected
[2024-06-17 02:11:46,252] INFO [35712-38680] 1 change detected
[2024-06-17 02:11:46,669] INFO [35712-38680] 1 change detected
[2024-06-17 02:11:47,075] INFO [35712-38680] 1 change detected
[2024-06-17 02:11:47,481] INFO [35712-38680] 1 change detected
[2024-06-17 02:11:47,886] INFO [35712-38680] 1 change detected
[2024-06-17 02:11:48,291] INFO [35712-38680] 1 change detected
[2024-06-17 02:11:48,695] INFO [35712-38680] 1 change detected
[2024-06-17 02:11:49,101] INFO [35712-38680] 1 change detected
[2024-06-17 02:11:49,456] INFO [35712-38680] 1 change detected
[2024-06-17 02:11:49,815] INFO [35712-38680] 2 changes detected
[2024-06-17 02:11:50,255] INFO [35712-38680] 1 change detected
[2024-06-17 02:11:50,610] INFO [35712-38680] 1 change detected
[2024-06-17 02:11:50,963] INFO [35712-38680] 1 change detected
[2024-06-17 02:11:51,331] INFO [35712-38680] 1 change detected
[2024-06-17 02:11:51,685] INFO [35712-38680] 1 change detected
[2024-06-17 02:11:51,912] INFO [28496-20992] Shutting down
[2024-06-17 02:11:52,027] INFO [28496-20992] Waiting for application shutdown.
[2024-06-17 02:11:52,029] INFO [28496-20992] Application shutdown complete.
[2024-06-17 02:11:52,030] INFO [28496-20992] Finished server process [28496]
[2024-06-17 02:11:53,017] INFO [35712-38680] Stopping reloader process [35712]
[2024-06-17 02:13:36,484] INFO [33104-17324] Will watch for changes in these directories: ['C:\\Users\\ga282\\lab\\web-application\\Backend\\George']
[2024-06-17 02:13:36,485] WARNING [33104-17324] "workers" flag is ignored when reloading is enabled.
[2024-06-17 02:13:36,486] INFO [33104-17324] Uvicorn running on http://127.0.0.1:8000 (Press CTRL+C to quit)
[2024-06-17 02:13:36,488] INFO [33104-17324] Started reloader process [33104] using WatchFiles
[2024-06-17 02:13:43,936] INFO [30100-7724] Started server process [30100]
[2024-06-17 02:13:43,937] INFO [30100-7724] Waiting for application startup.
[2024-06-17 02:13:44,003] INFO [33104-17324] 1 change detected
[2024-06-17 02:13:44,023] INFO [30100-7724] Application startup complete.
[2024-06-17 02:13:44,363] INFO [33104-17324] 1 change detected
[2024-06-17 02:13:44,723] INFO [33104-17324] 1 change detected
[2024-06-17 02:13:45,076] INFO [33104-17324] 1 change detected
[2024-06-17 02:13:45,443] INFO [33104-17324] 1 change detected
[2024-06-17 02:13:45,800] INFO [33104-17324] 1 change detected
[2024-06-17 02:13:46,158] INFO [33104-17324] 1 change detected
[2024-06-17 02:13:46,513] INFO [33104-17324] 1 change detected
[2024-06-17 02:13:46,873] INFO [33104-17324] 1 change detected
[2024-06-17 02:13:47,281] INFO [33104-17324] 1 change detected
[2024-06-17 02:13:47,685] INFO [33104-17324] 1 change detected
[2024-06-17 02:13:48,091] INFO [33104-17324] 1 change detected
[2024-06-17 02:13:48,499] INFO [33104-17324] 1 change detected
[2024-06-17 02:13:48,904] INFO [33104-17324] 1 change detected
[2024-06-17 02:13:49,326] INFO [33104-17324] 1 change detected
[2024-06-17 02:13:49,735] INFO [33104-17324] 1 change detected
[2024-06-17 02:13:50,143] INFO [33104-17324] 1 change detected
[2024-06-17 02:13:50,497] INFO [33104-17324] 1 change detected
[2024-06-17 02:13:50,903] INFO [33104-17324] 1 change detected
[2024-06-17 02:13:51,315] INFO [33104-17324] 1 change detected
[2024-06-17 02:13:51,717] INFO [33104-17324] 1 change detected
[2024-06-17 02:13:52,120] INFO [33104-17324] 1 change detected
[2024-06-17 02:13:52,536] INFO [33104-17324] 1 change detected
[2024-06-17 02:13:52,941] INFO [33104-17324] 1 change detected
[2024-06-17 02:13:53,343] INFO [33104-17324] 1 change detected
[2024-06-17 02:13:53,749] INFO [33104-17324] 1 change detected
[2024-06-17 02:13:54,166] INFO [33104-17324] 1 change detected
[2024-06-17 02:13:54,530] INFO [33104-17324] 1 change detected
[2024-06-17 02:13:54,952] INFO [33104-17324] 1 change detected
[2024-06-17 02:13:55,363] INFO [33104-17324] 1 change detected
[2024-06-17 02:13:55,729] INFO [33104-17324] 1 change detected
[2024-06-17 02:13:56,118] INFO [30100-7724] 127.0.0.1:61094 - "GET / HTTP/1.1" 200
[2024-06-17 02:13:56,185] INFO [33104-17324] 1 change detected
[2024-06-17 02:13:56,257] INFO [30100-7724] 127.0.0.1:61096 - "GET / HTTP/1.1" 200
[2024-06-17 02:13:56,261] INFO [30100-7724] 127.0.0.1:61094 - "GET /static/style.css HTTP/1.1" 404
[2024-06-17 02:13:56,319] INFO [30100-7724] 127.0.0.1:61095 - "GET /static/script.js HTTP/1.1" 200
[2024-06-17 02:13:56,333] INFO [30100-7724] 127.0.0.1:61095 - "GET /favicon.ico HTTP/1.1" 404
[2024-06-17 02:13:56,550] INFO [33104-17324] 1 change detected
[2024-06-17 02:13:56,908] INFO [33104-17324] 1 change detected
[2024-06-17 02:13:57,268] INFO [33104-17324] 1 change detected
[2024-06-17 02:13:57,629] INFO [33104-17324] 1 change detected
[2024-06-17 02:13:58,049] INFO [33104-17324] 1 change detected
[2024-06-17 02:13:58,461] INFO [33104-17324] 1 change detected
[2024-06-17 02:13:58,919] INFO [33104-17324] 1 change detected
[2024-06-17 02:13:59,278] INFO [33104-17324] 1 change detected
[2024-06-17 02:13:59,682] INFO [33104-17324] 1 change detected
[2024-06-17 02:14:00,092] INFO [33104-17324] 1 change detected
[2024-06-17 02:14:00,496] INFO [33104-17324] 1 change detected
[2024-06-17 02:14:00,901] INFO [33104-17324] 1 change detected
[2024-06-17 02:14:01,308] INFO [33104-17324] 1 change detected
[2024-06-17 02:14:01,718] INFO [33104-17324] 1 change detected
[2024-06-17 02:14:02,123] INFO [33104-17324] 1 change detected
[2024-06-17 02:14:02,533] INFO [33104-17324] 1 change detected
[2024-06-17 02:14:02,989] INFO [33104-17324] 1 change detected
[2024-06-17 02:14:03,403] INFO [33104-17324] 1 change detected
[2024-06-17 02:14:03,810] INFO [33104-17324] 1 change detected
[2024-06-17 02:14:04,215] INFO [33104-17324] 1 change detected
[2024-06-17 02:14:04,571] INFO [33104-17324] 1 change detected
[2024-06-17 02:14:04,977] INFO [33104-17324] 1 change detected
[2024-06-17 02:14:05,384] INFO [33104-17324] 1 change detected
[2024-06-17 02:14:05,786] INFO [33104-17324] 1 change detected
[2024-06-17 02:14:06,191] INFO [33104-17324] 1 change detected
[2024-06-17 02:14:06,600] INFO [33104-17324] 1 change detected
[2024-06-17 02:14:06,963] INFO [33104-17324] 1 change detected
[2024-06-17 02:14:07,379] INFO [33104-17324] 1 change detected
[2024-06-17 02:14:07,784] INFO [33104-17324] 1 change detected
[2024-06-17 02:14:08,200] INFO [33104-17324] 1 change detected
[2024-06-17 02:14:08,615] INFO [33104-17324] 1 change detected
[2024-06-17 02:14:09,025] INFO [33104-17324] 1 change detected
[2024-06-17 02:14:09,438] INFO [33104-17324] 1 change detected
[2024-06-17 02:14:09,843] INFO [33104-17324] 1 change detected
[2024-06-17 02:14:10,200] INFO [33104-17324] 1 change detected
[2024-06-17 02:14:10,609] INFO [33104-17324] 1 change detected
[2024-06-17 02:14:11,015] INFO [33104-17324] 1 change detected
[2024-06-17 02:14:11,420] INFO [33104-17324] 1 change detected
[2024-06-17 02:14:11,837] INFO [33104-17324] 1 change detected
[2024-06-17 02:14:12,196] INFO [33104-17324] 1 change detected
[2024-06-17 02:14:12,601] INFO [33104-17324] 1 change detected
[2024-06-17 02:14:13,004] INFO [33104-17324] 1 change detected
[2024-06-17 02:14:13,419] INFO [33104-17324] 1 change detected
[2024-06-17 02:14:13,832] INFO [33104-17324] 1 change detected
[2024-06-17 02:14:14,242] INFO [33104-17324] 1 change detected
[2024-06-17 02:14:14,652] INFO [33104-17324] 1 change detected
[2024-06-17 02:14:15,115] INFO [33104-17324] 1 change detected
[2024-06-17 02:14:15,528] INFO [33104-17324] 1 change detected
[2024-06-17 02:14:15,893] INFO [33104-17324] 1 change detected
[2024-06-17 02:14:16,310] INFO [33104-17324] 1 change detected
[2024-06-17 02:14:16,720] INFO [33104-17324] 1 change detected
[2024-06-17 02:14:17,123] INFO [33104-17324] 1 change detected
[2024-06-17 02:14:17,532] INFO [33104-17324] 1 change detected
[2024-06-17 02:14:17,896] INFO [33104-17324] 1 change detected
[2024-06-17 02:14:18,310] INFO [33104-17324] 1 change detected
[2024-06-17 02:14:18,718] INFO [33104-17324] 1 change detected
[2024-06-17 02:14:19,122] INFO [33104-17324] 1 change detected
[2024-06-17 02:14:19,534] INFO [33104-17324] 1 change detected
[2024-06-17 02:14:19,896] INFO [33104-17324] 1 change detected
[2024-06-17 02:14:20,305] INFO [33104-17324] 1 change detected
[2024-06-17 02:14:20,708] INFO [33104-17324] 1 change detected
[2024-06-17 02:14:21,116] INFO [33104-17324] 1 change detected
[2024-06-17 02:14:21,520] INFO [33104-17324] 1 change detected
[2024-06-17 02:14:21,927] INFO [33104-17324] 1 change detected
[2024-06-17 02:14:22,334] INFO [33104-17324] 1 change detected
[2024-06-17 02:14:22,739] INFO [33104-17324] 1 change detected
[2024-06-17 02:14:23,142] INFO [33104-17324] 1 change detected
[2024-06-17 02:14:23,546] INFO [33104-17324] 1 change detected
[2024-06-17 02:14:23,949] INFO [33104-17324] 1 change detected
[2024-06-17 02:14:24,353] INFO [33104-17324] 1 change detected
[2024-06-17 02:14:24,758] INFO [33104-17324] 1 change detected
[2024-06-17 02:14:25,161] INFO [33104-17324] 1 change detected
[2024-06-17 02:14:25,568] INFO [33104-17324] 1 change detected
[2024-06-17 02:14:25,974] INFO [33104-17324] 1 change detected
[2024-06-17 02:14:26,380] INFO [33104-17324] 1 change detected
[2024-06-17 02:14:26,785] INFO [33104-17324] 1 change detected
[2024-06-17 02:14:27,193] INFO [33104-17324] 1 change detected
[2024-06-17 02:14:27,599] INFO [33104-17324] 1 change detected
[2024-06-17 02:14:28,002] INFO [33104-17324] 1 change detected
[2024-06-17 02:14:28,407] INFO [33104-17324] 1 change detected
[2024-06-17 02:14:28,814] INFO [33104-17324] 1 change detected
[2024-06-17 02:14:29,181] INFO [33104-17324] 1 change detected
[2024-06-17 02:14:29,591] INFO [33104-17324] 1 change detected
[2024-06-17 02:14:29,995] INFO [33104-17324] 1 change detected
[2024-06-17 02:14:30,399] INFO [33104-17324] 1 change detected
[2024-06-17 02:14:30,808] INFO [33104-17324] 1 change detected
[2024-06-17 02:14:31,223] INFO [33104-17324] 1 change detected
[2024-06-17 02:14:31,634] INFO [33104-17324] 1 change detected
[2024-06-17 02:14:32,043] INFO [33104-17324] 1 change detected
[2024-06-17 02:14:32,446] INFO [33104-17324] 1 change detected
[2024-06-17 02:14:32,849] INFO [33104-17324] 1 change detected
[2024-06-17 02:14:33,254] INFO [33104-17324] 1 change detected
[2024-06-17 02:14:33,660] INFO [33104-17324] 1 change detected
[2024-06-17 02:14:34,022] INFO [33104-17324] 1 change detected
[2024-06-17 02:14:34,425] INFO [33104-17324] 1 change detected
[2024-06-17 02:14:34,829] INFO [33104-17324] 1 change detected
[2024-06-17 02:14:35,234] INFO [33104-17324] 1 change detected
[2024-06-17 02:14:35,643] INFO [33104-17324] 1 change detected
[2024-06-17 02:14:36,010] INFO [33104-17324] 1 change detected
[2024-06-17 02:14:36,422] INFO [33104-17324] 1 change detected
[2024-06-17 02:14:36,828] INFO [33104-17324] 1 change detected
[2024-06-17 02:14:37,194] INFO [33104-17324] 1 change detected
[2024-06-17 02:14:37,295] INFO [30100-7724] Shutting down
[2024-06-17 02:14:37,405] INFO [30100-7724] Waiting for application shutdown.
[2024-06-17 02:14:37,406] INFO [30100-7724] Application shutdown complete.
[2024-06-17 02:14:37,407] INFO [30100-7724] Finished server process [30100]
[2024-06-17 02:14:38,440] INFO [33104-17324] Stopping reloader process [33104]
[2024-06-17 02:14:50,168] INFO [8692-19416] Will watch for changes in these directories: ['C:\\Users\\ga282\\lab\\web-application\\Backend\\George']
[2024-06-17 02:14:50,170] WARNING [8692-19416] "workers" flag is ignored when reloading is enabled.
[2024-06-17 02:14:50,174] INFO [8692-19416] Uvicorn running on http://localhost:8000 (Press CTRL+C to quit)
[2024-06-17 02:14:50,176] INFO [8692-19416] Started reloader process [8692] using WatchFiles
[2024-06-17 02:14:56,571] INFO [27876-20324] Started server process [27876]
[2024-06-17 02:14:56,572] INFO [27876-20324] Waiting for application startup.
[2024-06-17 02:14:56,651] INFO [27876-20324] Application startup complete.
[2024-06-17 02:14:56,661] INFO [8692-19416] 1 change detected
[2024-06-17 02:14:57,026] INFO [8692-19416] 1 change detected
[2024-06-17 02:14:57,384] INFO [8692-19416] 1 change detected
[2024-06-17 02:14:57,741] INFO [8692-19416] 1 change detected
[2024-06-17 02:14:58,103] INFO [8692-19416] 1 change detected
[2024-06-17 02:14:58,471] INFO [8692-19416] 1 change detected
[2024-06-17 02:14:58,825] INFO [8692-19416] 1 change detected
[2024-06-17 02:14:59,181] INFO [8692-19416] 1 change detected
[2024-06-17 02:14:59,546] INFO [8692-19416] 1 change detected
[2024-06-17 02:14:59,910] INFO [8692-19416] 1 change detected
[2024-06-17 02:15:00,366] INFO [8692-19416] 1 change detected
[2024-06-17 02:15:00,734] INFO [8692-19416] 1 change detected
[2024-06-17 02:15:01,144] INFO [8692-19416] 1 change detected
[2024-06-17 02:15:01,550] INFO [8692-19416] 1 change detected
[2024-06-17 02:15:01,959] INFO [8692-19416] 1 change detected
[2024-06-17 02:15:02,376] INFO [8692-19416] 1 change detected
[2024-06-17 02:15:02,738] INFO [8692-19416] 1 change detected
[2024-06-17 02:15:03,147] INFO [8692-19416] 1 change detected
[2024-06-17 02:15:03,555] INFO [8692-19416] 1 change detected
[2024-06-17 02:15:03,958] INFO [8692-19416] 1 change detected
[2024-06-17 02:15:04,364] INFO [8692-19416] 1 change detected
[2024-06-17 02:15:04,769] INFO [8692-19416] 1 change detected
[2024-06-17 02:15:05,179] INFO [8692-19416] 1 change detected
[2024-06-17 02:15:05,586] INFO [8692-19416] 1 change detected
[2024-06-17 02:15:05,994] INFO [8692-19416] 1 change detected
[2024-06-17 02:15:06,401] INFO [8692-19416] 1 change detected
[2024-06-17 02:15:06,768] INFO [8692-19416] 1 change detected
[2024-06-17 02:15:07,176] INFO [8692-19416] 1 change detected
[2024-06-17 02:15:07,583] INFO [8692-19416] 1 change detected
[2024-06-17 02:15:07,988] INFO [8692-19416] 1 change detected
[2024-06-17 02:15:08,396] INFO [8692-19416] 1 change detected
[2024-06-17 02:15:08,806] INFO [8692-19416] 1 change detected
[2024-06-17 02:15:09,211] INFO [8692-19416] 1 change detected
[2024-06-17 02:15:09,624] INFO [8692-19416] 1 change detected
[2024-06-17 02:15:10,048] INFO [8692-19416] 1 change detected
[2024-06-17 02:15:10,411] INFO [8692-19416] 1 change detected
[2024-06-17 02:15:10,821] INFO [8692-19416] 1 change detected
[2024-06-17 02:15:11,226] INFO [8692-19416] 1 change detected
[2024-06-17 02:15:11,630] INFO [8692-19416] 1 change detected
[2024-06-17 02:15:12,036] INFO [8692-19416] 1 change detected
[2024-06-17 02:15:12,445] INFO [8692-19416] 1 change detected
[2024-06-17 02:15:12,854] INFO [8692-19416] 1 change detected
[2024-06-17 02:15:13,211] INFO [8692-19416] 1 change detected
[2024-06-17 02:15:13,618] INFO [8692-19416] 1 change detected
[2024-06-17 02:15:14,021] INFO [8692-19416] 1 change detected
[2024-06-17 02:15:14,482] INFO [8692-19416] 1 change detected
[2024-06-17 02:15:14,893] INFO [8692-19416] 1 change detected
[2024-06-17 02:15:15,309] INFO [8692-19416] 1 change detected
[2024-06-17 02:15:15,719] INFO [8692-19416] 1 change detected
[2024-06-17 02:15:16,085] INFO [8692-19416] 1 change detected
[2024-06-17 02:15:16,494] INFO [8692-19416] 1 change detected
[2024-06-17 02:15:16,900] INFO [8692-19416] 1 change detected
[2024-06-17 02:15:17,305] INFO [8692-19416] 1 change detected
[2024-06-17 02:15:17,712] INFO [8692-19416] 1 change detected
[2024-06-17 02:15:18,116] INFO [8692-19416] 1 change detected
[2024-06-17 02:15:18,524] INFO [8692-19416] 1 change detected
[2024-06-17 02:15:18,928] INFO [8692-19416] 1 change detected
[2024-06-17 02:15:19,334] INFO [8692-19416] 1 change detected
[2024-06-17 02:15:19,693] INFO [8692-19416] 1 change detected
[2024-06-17 02:15:20,101] INFO [8692-19416] 1 change detected
[2024-06-17 02:15:20,505] INFO [8692-19416] 1 change detected
[2024-06-17 02:15:20,869] INFO [8692-19416] 1 change detected
[2024-06-17 02:15:21,271] INFO [8692-19416] 1 change detected
[2024-06-17 02:15:21,678] INFO [8692-19416] 1 change detected
[2024-06-17 02:15:22,090] INFO [8692-19416] 1 change detected
[2024-06-17 02:15:22,503] INFO [8692-19416] 1 change detected
[2024-06-17 02:15:22,921] INFO [8692-19416] 1 change detected
[2024-06-17 02:15:23,334] INFO [8692-19416] 1 change detected
[2024-06-17 02:15:23,717] INFO [8692-19416] 1 change detected
[2024-06-17 02:15:24,169] INFO [8692-19416] 1 change detected
[2024-06-17 02:15:24,427] INFO [27876-20324] Shutting down
[2024-06-17 02:15:24,537] INFO [27876-20324] Waiting for application shutdown.
[2024-06-17 02:15:24,538] INFO [27876-20324] Application shutdown complete.
[2024-06-17 02:15:24,539] INFO [27876-20324] Finished server process [27876]
[2024-06-17 02:15:24,819] INFO [8692-19416] Stopping reloader process [8692]
